0 info it worked if it ends with ok
1 verbose cli [ '/usr/bin/nodejs', '/usr/bin/npm', 'install', 'mosca', '--save' ]
2 info using npm@3.7.3
3 info using node@v5.8.0
4 silly loadCurrentTree Starting
5 silly install loadCurrentTree
6 silly install readLocalPackageData
7 silly fetchPackageMetaData mosca
8 silly fetchNamedPackageData mosca
9 silly mapToRegistry name mosca
10 silly mapToRegistry using default registry
11 silly mapToRegistry registry https://registry.npmjs.org/
12 silly mapToRegistry uri https://registry.npmjs.org/mosca
13 verbose request uri https://registry.npmjs.org/mosca
14 verbose request no auth needed
15 info attempt registry request try #1 at 3:56:15 PM
16 verbose request id fbddd64683e21b97
17 verbose etag "1C3C96P2CWT1980J8QSRTITA5"
18 http request GET https://registry.npmjs.org/mosca
19 http 304 https://registry.npmjs.org/mosca
20 verbose headers { date: 'Fri, 11 Mar 2016 23:56:16 GMT',
20 verbose headers   via: '1.1 varnish',
20 verbose headers   'cache-control': 'max-age=300',
20 verbose headers   etag: '"1C3C96P2CWT1980J8QSRTITA5"',
20 verbose headers   age: '0',
20 verbose headers   connection: 'keep-alive',
20 verbose headers   'x-served-by': 'cache-iad2143-IAD',
20 verbose headers   'x-cache': 'MISS',
20 verbose headers   'x-cache-hits': '0',
20 verbose headers   'x-timer': 'S1457740576.181893,VS0,VE806',
20 verbose headers   vary: 'Accept' }
21 silly get cb [ 304,
21 silly get   { date: 'Fri, 11 Mar 2016 23:56:16 GMT',
21 silly get     via: '1.1 varnish',
21 silly get     'cache-control': 'max-age=300',
21 silly get     etag: '"1C3C96P2CWT1980J8QSRTITA5"',
21 silly get     age: '0',
21 silly get     connection: 'keep-alive',
21 silly get     'x-served-by': 'cache-iad2143-IAD',
21 silly get     'x-cache': 'MISS',
21 silly get     'x-cache-hits': '0',
21 silly get     'x-timer': 'S1457740576.181893,VS0,VE806',
21 silly get     vary: 'Accept' } ]
22 verbose etag https://registry.npmjs.org/mosca from cache
23 verbose get saving mosca to /home/joaocampos89/.npm/registry.npmjs.org/mosca/.cache.json
24 verbose correctMkdir /home/joaocampos89/.npm correctMkdir not in flight; initializing
25 silly install normalizeTree
26 silly loadCurrentTree Finishing
27 silly loadIdealTree Starting
28 silly install loadIdealTree
29 silly cloneCurrentTree Starting
30 silly install cloneCurrentTreeToIdealTree
31 silly cloneCurrentTree Finishing
32 silly loadShrinkwrap Starting
33 silly install loadShrinkwrap
34 silly loadShrinkwrap Finishing
35 silly loadAllDepsIntoIdealTree Starting
36 silly install loadAllDepsIntoIdealTree
37 silly rollbackFailedOptional Starting
38 silly rollbackFailedOptional Finishing
39 silly runTopLevelLifecycles Starting
40 silly runTopLevelLifecycles Finishing
41 silly install printInstalled
42 verbose stack Error: Refusing to install mosca as a dependency of itself
42 verbose stack     at checkSelf (/usr/lib/node_modules/npm/lib/install/validate-args.js:53:14)
42 verbose stack     at Array.<anonymous> (/usr/lib/node_modules/npm/node_modules/slide/lib/bind-actor.js:15:8)
42 verbose stack     at LOOP (/usr/lib/node_modules/npm/node_modules/slide/lib/chain.js:15:14)
42 verbose stack     at chain (/usr/lib/node_modules/npm/node_modules/slide/lib/chain.js:20:5)
42 verbose stack     at /usr/lib/node_modules/npm/lib/install/validate-args.js:16:5
42 verbose stack     at /usr/lib/node_modules/npm/node_modules/slide/lib/async-map.js:52:35
42 verbose stack     at Array.forEach (native)
42 verbose stack     at /usr/lib/node_modules/npm/node_modules/slide/lib/async-map.js:52:11
42 verbose stack     at Array.forEach (native)
42 verbose stack     at asyncMap (/usr/lib/node_modules/npm/node_modules/slide/lib/async-map.js:51:8)
43 verbose cwd /home/joaocampos89/JoaoCampos89/meteor/ArduinoDay/IoT/MQTT/Mosca
44 error Linux 3.19.0-25-generic
45 error argv "/usr/bin/nodejs" "/usr/bin/npm" "install" "mosca" "--save"
46 error node v5.8.0
47 error npm  v3.7.3
48 error code ENOSELF
49 error Refusing to install mosca as a dependency of itself
50 error If you need help, you may report this error at:
50 error     <https://github.com/npm/npm/issues>
51 verbose exit [ 1, true ]
